[0.009s] Invoking command in '/home/chris/Workspaces/quadcopter_ws/build/rf24_transceiver': CMAKE_PREFIX_PATH=${CMAKE_PREFIX_PATH}:/opt/ros/jazzy DEBUGINFOD_URLS=https://debuginfod.ubuntu.com /usr/bin/cmake --build /home/chris/Workspaces/quadcopter_ws/build/rf24_transceiver -- -j12 -l12
[0.064s] [ 50%] [32mBuilding CXX object CMakeFiles/rf24_transceiver_node.dir/src/rf24_transceiver_node.cpp.o[0m
[1.655s] In file included from [01m[K/home/chris/Workspaces/quadcopter_ws/src/rf24_transceiver/src/rf24_transceiver_node.cpp:1[m[K:
[1.655s] [01m[K/home/chris/Workspaces/quadcopter_ws/src/rf24_transceiver/include/rf24_transceiver/rf24_transceiver_node.hpp:38:15:[m[K [01;31m[Kerror: [m[Kâ€˜[01m[KSubscriber[m[Kâ€™ in namespace â€˜[01m[Krclcpp[m[Kâ€™ does not name a template type
[1.655s]    38 |       rclcpp::[01;31m[KSubscriber[m[K<std_msgs::msg::String>::SharedPtr command_subscriber_;
[1.655s]       |               [01;31m[K^~~~~~~~~~[m[K
[1.655s] [01m[K/home/chris/Workspaces/quadcopter_ws/src/rf24_transceiver/src/rf24_transceiver_node.cpp:5:1:[m[K [01;31m[Kerror: [m[Kno declaration matches â€˜[01m[Krf24_transceiver::RF24Transceiver::[01;32m[KRF24Transceiver[m[K()[m[Kâ€™
[1.655s]     5 | [01;31m[KRF24Transceiver[m[K::RF24Transceiver()
[1.655s]       | [01;31m[K^~~~~~~~~~~~~~~[m[K
[1.655s] [01m[K/home/chris/Workspaces/quadcopter_ws/src/rf24_transceiver/include/rf24_transceiver/rf24_transceiver_node.hpp:18:9:[m[K [01;36m[Knote: [m[Kcandidates are: â€˜[01m[Krf24_transceiver::RF24Transceiver::[01;32m[KRF24Transceiver[m[K(rf24_transceiver::RF24Transceiver&&)[m[Kâ€™
[1.655s]    18 |   class [01;36m[KRF24Transceiver[m[K : public rclcpp::Node {
[1.655s]       |         [01;36m[K^~~~~~~~~~~~~~~[m[K
[1.655s] [01m[K/home/chris/Workspaces/quadcopter_ws/src/rf24_transceiver/include/rf24_transceiver/rf24_transceiver_node.hpp:18:9:[m[K [01;36m[Knote: [m[K                â€˜[01m[Krf24_transceiver::RF24Transceiver::[01;32m[KRF24Transceiver[m[K(const rf24_transceiver::RF24Transceiver&)[m[Kâ€™
[1.655s] [01m[K/home/chris/Workspaces/quadcopter_ws/src/rf24_transceiver/include/rf24_transceiver/rf24_transceiver_node.hpp:21:16:[m[K [01;36m[Knote: [m[K                â€˜[01m[Krf24_transceiver::RF24Transceiver::[01;32m[KRF24Transceiver[m[K(const rclcpp::NodeOptions&)[m[Kâ€™
[1.656s]    21 |       explicit [01;36m[KRF24Transceiver[m[K(const rclcpp::NodeOptions &options = rclcpp::NodeOptions());
[1.656s]       |                [01;36m[K^~~~~~~~~~~~~~~[m[K
[1.656s] [01m[K/home/chris/Workspaces/quadcopter_ws/src/rf24_transceiver/include/rf24_transceiver/rf24_transceiver_node.hpp:18:9:[m[K [01;36m[Knote: [m[Kâ€˜[01m[Kclass rf24_transceiver::RF24Transceiver[m[Kâ€™ defined here
[1.656s]    18 |   class [01;36m[KRF24Transceiver[m[K : public rclcpp::Node {
[1.656s]       |         [01;36m[K^~~~~~~~~~~~~~~[m[K
[1.658s] [01m[K/home/chris/Workspaces/quadcopter_ws/src/rf24_transceiver/src/rf24_transceiver_node.cpp:[m[K In function â€˜[01m[Kint[01;32m[K main[m[K(int, char**)[m[Kâ€™:
[1.658s] [01m[K/home/chris/Workspaces/quadcopter_ws/src/rf24_transceiver/src/rf24_transceiver_node.cpp:47:33:[m[K [01;31m[Kerror: [m[Kâ€˜[01m[KRF24Transceiver[m[Kâ€™ was not declared in this scope; did you mean â€˜[01m[Krf24_transceiver::RF24Transceiver[m[Kâ€™?
[1.658s]    47 |   rclcpp::spin(std::make_shared<[01;31m[KRF24Transceiver[m[K>());
[1.658s]       |                                 [01;31m[K^~~~~~~~~~~~~~~[m[K
[1.658s]       |                                 [32m[Krf24_transceiver::RF24Transceiver[m[K
[1.658s] [01m[K/home/chris/Workspaces/quadcopter_ws/src/rf24_transceiver/include/rf24_transceiver/rf24_transceiver_node.hpp:18:9:[m[K [01;36m[Knote: [m[Kâ€˜[01m[Krf24_transceiver::RF24Transceiver[m[Kâ€™ declared here
[1.658s]    18 |   class [01;36m[KRF24Transceiver[m[K : public rclcpp::Node {
[1.658s]       |         [01;36m[K^~~~~~~~~~~~~~~[m[K
[1.658s] [01m[K/home/chris/Workspaces/quadcopter_ws/src/rf24_transceiver/src/rf24_transceiver_node.cpp:47:49:[m[K [01;31m[Kerror: [m[Kno matching function for call to â€˜[01m[Kmake_shared<<expression error> >()[m[Kâ€™
[1.658s]    47 |   rclcpp::spin([01;31m[Kstd::make_shared<RF24Transceiver>()[m[K);
[1.658s]       |                [01;31m[K~~~~~~~~~~~~~~~~~~~~~~~~~~~~~~~~~^~[m[K
[1.659s] In file included from [01m[K/usr/include/c++/13/memory:80[m[K,
[1.659s]                  from [01m[K/home/chris/Workspaces/quadcopter_ws/src/rf24_transceiver/include/rf24_transceiver/rf24_transceiver_node.hpp:5[m[K:
[1.659s] [01m[K/usr/include/c++/13/bits/shared_ptr.h:1005:5:[m[K [01;36m[Knote: [m[Kcandidate: â€˜[01m[Ktemplate<class _Tp, class ... _Args> std::shared_ptr<typename std::enable_if<(! std::is_array< <template-parameter-1-1> >::value), _Tp>::type> std::[01;32m[Kmake_shared[m[K(_Args&& ...)[m[Kâ€™
[1.659s]  1005 |     [01;36m[Kmake_shared[m[K(_Args&&... __args)
[1.659s]       |     [01;36m[K^~~~~~~~~~~[m[K
[1.659s] [01m[K/usr/include/c++/13/bits/shared_ptr.h:1005:5:[m[K [01;36m[Knote: [m[K  template argument deduction/substitution failed:
[1.659s] [01m[K/home/chris/Workspaces/quadcopter_ws/src/rf24_transceiver/src/rf24_transceiver_node.cpp:47:49:[m[K [01;31m[Kerror: [m[Ktemplate argument 1 is invalid
[1.659s]    47 |   rclcpp::spin([01;31m[Kstd::make_shared<RF24Transceiver>()[m[K);
[1.659s]       |                [01;31m[K~~~~~~~~~~~~~~~~~~~~~~~~~~~~~~~~~^~[m[K
[2.167s] gmake[2]: *** [CMakeFiles/rf24_transceiver_node.dir/build.make:76: CMakeFiles/rf24_transceiver_node.dir/src/rf24_transceiver_node.cpp.o] Error 1
[2.168s] gmake[1]: *** [CMakeFiles/Makefile2:137: CMakeFiles/rf24_transceiver_node.dir/all] Error 2
[2.168s] gmake: *** [Makefile:146: all] Error 2
[2.170s] Invoked command in '/home/chris/Workspaces/quadcopter_ws/build/rf24_transceiver' returned '2': CMAKE_PREFIX_PATH=${CMAKE_PREFIX_PATH}:/opt/ros/jazzy DEBUGINFOD_URLS=https://debuginfod.ubuntu.com /usr/bin/cmake --build /home/chris/Workspaces/quadcopter_ws/build/rf24_transceiver -- -j12 -l12
