In file included from [01m[K/home/chris/Workspaces/quadcopter_ws/src/rf24_transceiver/src/rf24_transceiver_node.cpp:1[m[K:
[01m[K/home/chris/Workspaces/quadcopter_ws/src/rf24_transceiver/include/rf24_transceiver/rf24_transceiver_node.hpp:38:15:[m[K [01;31m[Kerror: [m[Kâ€˜[01m[KSubscriber[m[Kâ€™ in namespace â€˜[01m[Krclcpp[m[Kâ€™ does not name a template type
   38 |       rclcpp::[01;31m[KSubscriber[m[K<std_msgs::msg::String>::SharedPtr command_subscriber_;
      |               [01;31m[K^~~~~~~~~~[m[K
[01m[K/home/chris/Workspaces/quadcopter_ws/src/rf24_transceiver/src/rf24_transceiver_node.cpp:[m[K In constructor â€˜[01m[Krf24_transceiver::RF24Transceiver::[01;32m[KRF24Transceiver[m[K()[m[Kâ€™:
[01m[K/home/chris/Workspaces/quadcopter_ws/src/rf24_transceiver/src/rf24_transceiver_node.cpp:13:5:[m[K [01;31m[Kerror: [m[Kâ€˜[01m[Kcommand_subscriber_[m[Kâ€™ was not declared in this scope; did you mean â€˜[01m[Kcount_subscribers[m[Kâ€™?
   13 |     [01;31m[Kcommand_subscriber_[m[K = this->create_subscription<std_msgs::msg::String>("commands", 10,
      |     [01;31m[K^~~~~~~~~~~~~~~~~~~[m[K
      |     [32m[Kcount_subscribers[m[K
[01m[K/home/chris/Workspaces/quadcopter_ws/src/rf24_transceiver/src/rf24_transceiver_node.cpp:23:37:[m[K [01;31m[Kerror: [m[Kno matching function for call to â€˜[01m[Krf24_transceiver::RF24Transceiver::create_wall_timer(int, rf24_transceiver::RF24Transceiver::RF24Transceiver()::<lambda()>&)[m[Kâ€™
   23 |     timer_ = [01;31m[Kthis->create_wall_timer(500,timer_callback)[m[K;
      |              [01;31m[K~~~~~~~~~~~~~~~~~~~~~~~^~~~~~~~~~~~~~~~~~~~[m[K
In file included from [01m[K/opt/ros/jazzy/include/rclcpp/rclcpp/executors/single_threaded_executor.hpp:28[m[K,
                 from [01m[K/opt/ros/jazzy/include/rclcpp/rclcpp/executors.hpp:22[m[K,
                 from [01m[K/opt/ros/jazzy/include/rclcpp/rclcpp/rclcpp.hpp:172[m[K,
                 from [01m[K/home/chris/Workspaces/quadcopter_ws/src/rf24_transceiver/include/rf24_transceiver/rf24_transceiver_node.hpp:8[m[K:
[01m[K/opt/ros/jazzy/include/rclcpp/rclcpp/node.hpp:241:3:[m[K [01;36m[Knote: [m[Kcandidate: â€˜[01m[Ktemplate<class DurationRepT, class DurationT, class CallbackT> typename rclcpp::WallTimer<CallbackT>::SharedPtr rclcpp::Node::[01;32m[Kcreate_wall_timer[m[K(std::chrono::duration<_Rep1, _Period1>, CallbackT, rclcpp::CallbackGroup::SharedPtr, bool)[m[Kâ€™
  241 |   [01;36m[Kcreate_wall_timer[m[K(
      |   [01;36m[K^~~~~~~~~~~~~~~~~[m[K
[01m[K/opt/ros/jazzy/include/rclcpp/rclcpp/node.hpp:241:3:[m[K [01;36m[Knote: [m[K  template argument deduction/substitution failed:
[01m[K/home/chris/Workspaces/quadcopter_ws/src/rf24_transceiver/src/rf24_transceiver_node.cpp:23:37:[m[K [01;36m[Knote: [m[K  mismatched types â€˜[01m[Kstd::chrono::duration<_Rep1, _Period1>[m[Kâ€™ and â€˜[01m[Kint[m[Kâ€™
   23 |     timer_ = [01;36m[Kthis->create_wall_timer(500,timer_callback)[m[K;
      |              [01;36m[K~~~~~~~~~~~~~~~~~~~~~~~^~~~~~~~~~~~~~~~~~~~[m[K
gmake[2]: *** [CMakeFiles/rf24_transceiver_node.dir/build.make:76: CMakeFiles/rf24_transceiver_node.dir/src/rf24_transceiver_node.cpp.o] Error 1
gmake[1]: *** [CMakeFiles/Makefile2:137: CMakeFiles/rf24_transceiver_node.dir/all] Error 2
gmake: *** [Makefile:146: all] Error 2
