[0.009s] Invoking command in '/home/chris/Workspaces/quadcopter_ws/build/rf24_transceiver': CMAKE_PREFIX_PATH=${CMAKE_PREFIX_PATH}:/opt/ros/jazzy DEBUGINFOD_URLS=https://debuginfod.ubuntu.com /usr/bin/cmake --build /home/chris/Workspaces/quadcopter_ws/build/rf24_transceiver -- -j12 -l12
[0.054s] [ 50%] [32mBuilding CXX object CMakeFiles/rf24_transceiver_node.dir/src/rf24_transceiver_node.cpp.o[0m
[0.061s] [01m[K/home/chris/Workspaces/quadcopter_ws/src/rf24_transceiver/src/rf24_transceiver_node.cpp:1:10:[m[K [01;31m[Kfatal error: [m[Krf24_transceiver_node.hpp: No such file or directory
[0.061s]     1 | #include [01;31m[K"rf24_transceiver_node.hpp"[m[K
[0.062s]       |          [01;31m[K^~~~~~~~~~~~~~~~~~~~~~~~~~~[m[K
[0.062s] compilation terminated.
[0.062s] gmake[2]: *** [CMakeFiles/rf24_transceiver_node.dir/build.make:76: CMakeFiles/rf24_transceiver_node.dir/src/rf24_transceiver_node.cpp.o] Error 1
[0.062s] gmake[1]: *** [CMakeFiles/Makefile2:137: CMakeFiles/rf24_transceiver_node.dir/all] Error 2
[0.062s] gmake: *** [Makefile:146: all] Error 2
[0.065s] Invoked command in '/home/chris/Workspaces/quadcopter_ws/build/rf24_transceiver' returned '2': CMAKE_PREFIX_PATH=${CMAKE_PREFIX_PATH}:/opt/ros/jazzy DEBUGINFOD_URLS=https://debuginfod.ubuntu.com /usr/bin/cmake --build /home/chris/Workspaces/quadcopter_ws/build/rf24_transceiver -- -j12 -l12
