In file included from [01m[K/home/chris/Workspaces/quadcopter_ws/src/rf24_transceiver/src/rf24_transceiver_node.cpp:1[m[K:
[01m[K/home/chris/Workspaces/quadcopter_ws/src/rf24_transceiver/include/rf24_transceiver/rf24_transceiver_node.hpp:38:15:[m[K [01;31m[Kerror: [m[Kâ€˜[01m[KSubscriber[m[Kâ€™ in namespace â€˜[01m[Krclcpp[m[Kâ€™ does not name a template type
   38 |       rclcpp::[01;31m[KSubscriber[m[K<std_msgs::msg::String>::SharedPtr command_subscriber_;
      |               [01;31m[K^~~~~~~~~~[m[K
[01m[K/home/chris/Workspaces/quadcopter_ws/src/rf24_transceiver/src/rf24_transceiver_node.cpp:[m[K In constructor â€˜[01m[Krf24_transceiver::RF24Transceiver::[01;32m[KRF24Transceiver[m[K()[m[Kâ€™:
[01m[K/home/chris/Workspaces/quadcopter_ws/src/rf24_transceiver/src/rf24_transceiver_node.cpp:13:5:[m[K [01;31m[Kerror: [m[Kâ€˜[01m[Kcommand_subscriber[m[Kâ€™ was not declared in this scope; did you mean â€˜[01m[Kcount_subscribers[m[Kâ€™?
   13 |     [01;31m[Kcommand_subscriber[m[K = this->create_subscription<std_msgs::msg::String>("commands", 10,
      |     [01;31m[K^~~~~~~~~~~~~~~~~~[m[K
      |     [32m[Kcount_subscribers[m[K
[01m[K/home/chris/Workspaces/quadcopter_ws/src/rf24_transceiver/src/rf24_transceiver_node.cpp:14:51:[m[K [01;31m[Kerror: [m[Kno matching function for call to â€˜[01m[Krf24_transceiver::RF24Transceiver::command_callback()[m[Kâ€™
   14 |       std::bind(&[01;31m[KRF24Transceiver::command_callback()[m[K, this, std::placeholders::_1));
      |                  [01;31m[K~~~~~~~~~~~~~~~~~~~~~~~~~~~~~~~~~^~[m[K
[01m[K/home/chris/Workspaces/quadcopter_ws/src/rf24_transceiver/include/rf24_transceiver/rf24_transceiver_node.hpp:31:12:[m[K [01;36m[Knote: [m[Kcandidate: â€˜[01m[Kvoid rf24_transceiver::RF24Transceiver::[01;32m[Kcommand_callback[m[K(std_msgs::msg::String_<std::allocator<void> >::SharedPtr)[m[Kâ€™
   31 |       void [01;36m[Kcommand_callback[m[K(std_msgs::msg::String::SharedPtr msg);
      |            [01;36m[K^~~~~~~~~~~~~~~~[m[K
[01m[K/home/chris/Workspaces/quadcopter_ws/src/rf24_transceiver/include/rf24_transceiver/rf24_transceiver_node.hpp:31:12:[m[K [01;36m[Knote: [m[K  candidate expects 1 argument, 0 provided
[01m[K/home/chris/Workspaces/quadcopter_ws/src/rf24_transceiver/src/rf24_transceiver_node.cpp:22:60:[m[K [01;31m[Kerror: [m[Kexpected unqualified-id before numeric constant
   22 |     timer_ = this->create_wall_timer(std::chrono_literals::[01;31m[K500ms[m[K,timer_callback);
      |                                                            [01;31m[K^~~~~[m[K
[01m[K/home/chris/Workspaces/quadcopter_ws/src/rf24_transceiver/src/rf24_transceiver_node.cpp:22:66:[m[K [01;31m[Kerror: [m[Kâ€˜[01m[Ktimer_callback[m[Kâ€™ was not declared in this scope; did you mean â€˜[01m[Ktime_callback[m[Kâ€™?
   22 |     timer_ = this->create_wall_timer(std::chrono_literals::500ms,[01;31m[Ktimer_callback[m[K);
      |                                                                  [01;31m[K^~~~~~~~~~~~~~[m[K
      |                                                                  [32m[Ktime_callback[m[K
[01m[K/home/chris/Workspaces/quadcopter_ws/src/rf24_transceiver/src/rf24_transceiver_node.cpp:[m[K In function â€˜[01m[Kint[01;32m[K main[m[K(int, char**)[m[Kâ€™:
[01m[K/home/chris/Workspaces/quadcopter_ws/src/rf24_transceiver/src/rf24_transceiver_node.cpp:47:34:[m[K [01;31m[Kerror: [m[Kâ€˜[01m[KRF24Transceiver[m[Kâ€™ was not declared in this scope; did you mean â€˜[01m[Krf24_transceiver::RF24Transceiver[m[Kâ€™?
   47 |   rclcpp::spin(std::make_shared<&[01;31m[KRF24Transceiver[m[K>());
      |                                  [01;31m[K^~~~~~~~~~~~~~~[m[K
      |                                  [32m[Krf24_transceiver::RF24Transceiver[m[K
[01m[K/home/chris/Workspaces/quadcopter_ws/src/rf24_transceiver/include/rf24_transceiver/rf24_transceiver_node.hpp:18:9:[m[K [01;36m[Knote: [m[Kâ€˜[01m[Krf24_transceiver::RF24Transceiver[m[Kâ€™ declared here
   18 |   class [01;36m[KRF24Transceiver[m[K : public rclcpp::Node {
      |         [01;36m[K^~~~~~~~~~~~~~~[m[K
[01m[K/home/chris/Workspaces/quadcopter_ws/src/rf24_transceiver/src/rf24_transceiver_node.cpp:47:50:[m[K [01;31m[Kerror: [m[Kno matching function for call to â€˜[01m[Kmake_shared<<expression error> >()[m[Kâ€™
   47 |   rclcpp::spin([01;31m[Kstd::make_shared<&RF24Transceiver>()[m[K);
      |                [01;31m[K~~~~~~~~~~~~~~~~~~~~~~~~~~~~~~~~~~^~[m[K
In file included from [01m[K/usr/include/c++/13/memory:80[m[K,
                 from [01m[K/home/chris/Workspaces/quadcopter_ws/src/rf24_transceiver/include/rf24_transceiver/rf24_transceiver_node.hpp:5[m[K:
[01m[K/usr/include/c++/13/bits/shared_ptr.h:1005:5:[m[K [01;36m[Knote: [m[Kcandidate: â€˜[01m[Ktemplate<class _Tp, class ... _Args> std::shared_ptr<typename std::enable_if<(! std::is_array< <template-parameter-1-1> >::value), _Tp>::type> std::[01;32m[Kmake_shared[m[K(_Args&& ...)[m[Kâ€™
 1005 |     [01;36m[Kmake_shared[m[K(_Args&&... __args)
      |     [01;36m[K^~~~~~~~~~~[m[K
[01m[K/usr/include/c++/13/bits/shared_ptr.h:1005:5:[m[K [01;36m[Knote: [m[K  template argument deduction/substitution failed:
[01m[K/home/chris/Workspaces/quadcopter_ws/src/rf24_transceiver/src/rf24_transceiver_node.cpp:47:50:[m[K [01;31m[Kerror: [m[Ktemplate argument 1 is invalid
   47 |   rclcpp::spin([01;31m[Kstd::make_shared<&RF24Transceiver>()[m[K);
      |                [01;31m[K~~~~~~~~~~~~~~~~~~~~~~~~~~~~~~~~~~^~[m[K
gmake[2]: *** [CMakeFiles/rf24_transceiver_node.dir/build.make:76: CMakeFiles/rf24_transceiver_node.dir/src/rf24_transceiver_node.cpp.o] Error 1
gmake[1]: *** [CMakeFiles/Makefile2:137: CMakeFiles/rf24_transceiver_node.dir/all] Error 2
gmake: *** [Makefile:146: all] Error 2
